# JRE version: OpenJDK Runtime Environment (16.0.1+9) (build 16.0.1+9-24)
# Java VM: OpenJDK 64-Bit Server VM (16.0.1+9-24, mixed mode, tiered, compressed oops, compressed class ptrs, g1 gc, windows-amd64)
GC Precious Log:
 CPUs: 8 total, 8 available
 Memory: 16135M
 Large Page Support: Disabled
 NUMA Support: Disabled
 Compressed Oops: Enabled (Zero based)
 Heap Region Size: 2M
 Heap Min Capacity: 8M
 Heap Initial Capacity: 254M
 Heap Max Capacity: 4034M
 Pre-touch: Disabled
 Parallel Workers: 8
 Concurrent Workers: 2
 Concurrent Refinement Workers: 8
 Periodic GC: Disabled
Heap:
 garbage-first heap   total 368640K, used 231414K [0x0000000703e00000, 0x0000000800000000)
  region size 2048K, 95 young (194560K), 2 survivors (4096K)
 Metaspace       used 34731K, committed 35008K, reserved 1081344K
  class space    used 3708K, committed 3840K, reserved 1048576K
GC Heap History (20 events):
Event: 8481.432 GC heap before
{Heap before GC invocations=561 (full 0):
 garbage-first heap   total 368640K, used 259921K [0x0000000703e00000, 0x0000000800000000)
  region size 2048K, 108 young (221184K), 2 survivors (4096K)
 Metaspace       used 34727K, committed 35008K, reserved 1081344K
  class space    used 3707K, committed 3840K, reserved 1048576K
}
Event: 8481.436 GC heap after
{Heap after GC invocations=562 (full 0):
 garbage-first heap   total 368640K, used 42689K [0x0000000703e00000, 0x0000000800000000)
  region size 2048K, 2 young (4096K), 2 survivors (4096K)
 Metaspace       used 34727K, committed 35008K, reserved 1081344K
  class space    used 3707K, committed 3840K, reserved 1048576K
}
Event: 8497.838 GC heap before
{Heap before GC invocations=562 (full 0):
 garbage-first heap   total 368640K, used 259777K [0x0000000703e00000, 0x0000000800000000)
  region size 2048K, 108 young (221184K), 2 survivors (4096K)
 Metaspace       used 34727K, committed 35008K, reserved 1081344K
  class space    used 3707K, committed 3840K, reserved 1048576K
}
Event: 8497.841 GC heap after
{Heap after GC invocations=563 (full 0):
 garbage-first heap   total 368640K, used 42633K [0x0000000703e00000, 0x0000000800000000)
  region size 2048K, 2 young (4096K), 2 survivors (4096K)
 Metaspace       used 34727K, committed 35008K, reserved 1081344K
  class space    used 3707K, committed 3840K, reserved 1048576K
}
Event: 8517.181 GC heap before
{Heap before GC invocations=563 (full 0):
 garbage-first heap   total 368640K, used 259721K [0x0000000703e00000, 0x0000000800000000)
  region size 2048K, 108 young (221184K), 2 survivors (4096K)
 Metaspace       used 34727K, committed 35008K, reserved 1081344K
  class space    used 3707K, committed 3840K, reserved 1048576K
}
Event: 8517.184 GC heap after
{Heap after GC invocations=564 (full 0):
 garbage-first heap   total 368640K, used 42727K [0x0000000703e00000, 0x0000000800000000)
  region size 2048K, 2 young (4096K), 2 survivors (4096K)
 Metaspace       used 34727K, committed 35008K, reserved 1081344K
  class space    used 3707K, committed 3840K, reserved 1048576K
}
Event: 8537.492 GC heap before
{Heap before GC invocations=564 (full 0):
 garbage-first heap   total 368640K, used 259815K [0x0000000703e00000, 0x0000000800000000)
  region size 2048K, 108 young (221184K), 2 survivors (4096K)
 Metaspace       used 34727K, committed 35008K, reserved 1081344K
  class space    used 3707K, committed 3840K, reserved 1048576K
}
Event: 8537.508 GC heap after
{Heap after GC invocations=565 (full 0):
 garbage-first heap   total 368640K, used 42743K [0x0000000703e00000, 0x0000000800000000)
  region size 2048K, 2 young (4096K), 2 survivors (4096K)
 Metaspace       used 34727K, committed 35008K, reserved 1081344K
  class space    used 3707K, committed 3840K, reserved 1048576K
}
Event: 8557.559 GC heap before
{Heap before GC invocations=565 (full 0):
 garbage-first heap   total 368640K, used 259831K [0x0000000703e00000, 0x0000000800000000)
  region size 2048K, 108 young (221184K), 2 survivors (4096K)
 Metaspace       used 34727K, committed 35008K, reserved 1081344K
  class space    used 3707K, committed 3840K, reserved 1048576K
}
Event: 8557.562 GC heap after
{Heap after GC invocations=566 (full 0):
 garbage-first heap   total 368640K, used 42811K [0x0000000703e00000, 0x0000000800000000)
  region size 2048K, 2 young (4096K), 2 survivors (4096K)
 Metaspace       used 34727K, committed 35008K, reserved 1081344K
  class space    used 3707K, committed 3840K, reserved 1048576K
}
Event: 8574.314 GC heap before
{Heap before GC invocations=566 (full 0):
 garbage-first heap   total 368640K, used 259899K [0x0000000703e00000, 0x0000000800000000)
  region size 2048K, 108 young (221184K), 2 survivors (4096K)
 Metaspace       used 34727K, committed 35008K, reserved 1081344K
  class space    used 3707K, committed 3840K, reserved 1048576K
}
Event: 8574.318 GC heap after
{Heap after GC invocations=567 (full 0):
 garbage-first heap   total 368640K, used 42926K [0x0000000703e00000, 0x0000000800000000)
  region size 2048K, 2 young (4096K), 2 survivors (4096K)
 Metaspace       used 34727K, committed 35008K, reserved 1081344K
  class space    used 3707K, committed 3840K, reserved 1048576K
}
Event: 8595.235 GC heap before
{Heap before GC invocations=567 (full 0):
 garbage-first heap   total 368640K, used 260014K [0x0000000703e00000, 0x0000000800000000)
  region size 2048K, 108 young (221184K), 2 survivors (4096K)
 Metaspace       used 34727K, committed 35008K, reserved 1081344K
  class space    used 3707K, committed 3840K, reserved 1048576K
}
Event: 8595.238 GC heap after
{Heap after GC invocations=568 (full 0):
 garbage-first heap   total 368640K, used 42886K [0x0000000703e00000, 0x0000000800000000)
  region size 2048K, 2 young (4096K), 2 survivors (4096K)
 Metaspace       used 34727K, committed 35008K, reserved 1081344K
  class space    used 3707K, committed 3840K, reserved 1048576K
}
Event: 8615.396 GC heap before
{Heap before GC invocations=568 (full 0):
 garbage-first heap   total 368640K, used 259974K [0x0000000703e00000, 0x0000000800000000)
  region size 2048K, 108 young (221184K), 2 survivors (4096K)
 Metaspace       used 34727K, committed 35008K, reserved 1081344K
  class space    used 3707K, committed 3840K, reserved 1048576K
}
Event: 8615.399 GC heap after
{Heap after GC invocations=569 (full 0):
 garbage-first heap   total 368640K, used 43059K [0x0000000703e00000, 0x0000000800000000)
  region size 2048K, 2 young (4096K), 2 survivors (4096K)
 Metaspace       used 34727K, committed 35008K, reserved 1081344K
  class space    used 3707K, committed 3840K, reserved 1048576K
}
Event: 8636.871 GC heap before
{Heap before GC invocations=569 (full 0):
 garbage-first heap   total 368640K, used 260147K [0x0000000703e00000, 0x0000000800000000)
  region size 2048K, 108 young (221184K), 2 survivors (4096K)
 Metaspace       used 34727K, committed 35008K, reserved 1081344K
  class space    used 3707K, committed 3840K, reserved 1048576K
}
Event: 8636.881 GC heap after
{Heap after GC invocations=570 (full 0):
 garbage-first heap   total 368640K, used 43049K [0x0000000703e00000, 0x0000000800000000)
  region size 2048K, 2 young (4096K), 2 survivors (4096K)
 Metaspace       used 34727K, committed 35008K, reserved 1081344K
  class space    used 3707K, committed 3840K, reserved 1048576K
}
Event: 8654.559 GC heap before
{Heap before GC invocations=570 (full 0):
 garbage-first heap   total 368640K, used 260137K [0x0000000703e00000, 0x0000000800000000)
  region size 2048K, 108 young (221184K), 2 survivors (4096K)
 Metaspace       used 34727K, committed 35008K, reserved 1081344K
  class space    used 3707K, committed 3840K, reserved 1048576K
}
Event: 8654.562 GC heap after
{Heap after GC invocations=571 (full 0):
 garbage-first heap   total 368640K, used 42998K [0x0000000703e00000, 0x0000000800000000)
  region size 2048K, 2 young (4096K), 2 survivors (4096K)
 Metaspace       used 34727K, committed 35008K, reserved 1081344K
  class space    used 3707K, committed 3840K, reserved 1048576K
}

